Arguments: 
  C:\Program Files\nodejs\node.exe C:\Users\devProMaleek\AppData\Roaming\npm\node_modules\yarn\bin\yarn.js

PATH: 
  C:\Users\devProMaleek\bin;C:\Program Files\Git\mingw64\bin;C:\Program Files\Git\usr\local\bin;C:\Program Files\Git\usr\bin;C:\Program Files\Git\usr\bin;C:\Program Files\Git\mingw64\bin;C:\Program Files\Git\usr\bin;C:\Users\devProMaleek\bin;C:\Windows\system32;C:\Windows;C:\Windows\System32\Wbem;C:\Windows\System32\WindowsPowerShell\v1.0;C:\Windows\System32\OpenSSH;C:\ProgramData\chocolatey\bin;C:\Program Files\Git\cmd;C:\Program Files\nodejs;C:\Users\devProMaleek\AppData\Local\Programs\Python\Python39\Scripts;C:\Users\devProMaleek\AppData\Local\Programs\Python\Python39;C:\Users\devProMaleek\AppData\Local\Microsoft\WindowsApps;C:\Program Files\JetBrains\WebStorm 2021.1.2\bin;C:\Program Files\JetBrains\PhpStorm 2021.1.3\bin;C:\Program Files\JetBrains\DataGrip 2020.3.2\bin;C:\Program Files\JetBrains\PyCharm 2021.1.2\bin;C:\Users\devProMaleek\AppData\Local\Programs\Microsoft VS Code\bin;C:\Users\devProMaleek\AppData\Roaming\npm;C:\Program Files\Git\usr\bin\vendor_perl;C:\Program Files\Git\usr\bin\core_perl

Yarn version: 
  1.22.11

Node version: 
  14.17.4

Platform: 
  win32 x64

Trace: 
  Error: Client network socket disconnected before secure TLS connection was established
      at connResetException (internal/errors.js:628:14)
      at TLSSocket.onConnectEnd (_tls_wrap.js:1561:19)
      at TLSSocket.emit (events.js:412:35)
      at endReadableNT (internal/streams/readable.js:1317:12)
      at processTicksAndRejections (internal/process/task_queues.js:82:21)

npm manifest: 
  {
    "name": "calender.zuri",
    "version": "0.1.0",
    "private": true,
    "dependencies": {
      "@date-io/date-fns": "^2.11.0",
      "@material-ui/pickers": "^3.3.10",
      "@testing-library/jest-dom": "^5.11.4",
      "@testing-library/react": "^11.1.0",
      "@testing-library/user-event": "^12.1.10",
      "date-fns": "^2.23.0",
      "react": "^17.0.2",
      "react-big-calendar": "^0.35.0",
      "react-datepicker": "^4.2.1",
      "react-dom": "^17.0.2",
      "react-icons": "^4.2.0",
      "react-scripts": "4.0.3",
      "web-vitals": "^1.0.1"
    },
    "scripts": {
      "start": "react-scripts start",
      "build": "react-scripts build",
      "test": "react-scripts test",
      "eject": "react-scripts eject"
    },
    "eslintConfig": {
      "extends": [
        "react-app",
        "react-app/jest"
      ]
    },
    "browserslist": {
      "production": [
        ">0.2%",
        "not dead",
        "not op_mini all"
      ],
      "development": [
        "last 1 chrome version",
        "last 1 firefox version",
        "last 1 safari version"
      ]
    }
  }

yarn manifest: 
  No manifest

Lockfile: 
  No lockfile
